<?xml version="1.0" encoding="UTF-8"?>
<testng-results skipped="0" failed="0" total="1" passed="1">
  <reporter-output>
  </reporter-output>
  <suite name="Command line suite" duration-ms="23882" started-at="2020-01-21T12:47:39Z" finished-at="2020-01-21T12:48:03Z">
    <groups>
      <group name="cucumber">
        <method signature="AbstractTestNGCucumberTests.feature(cucumber.api.testng.CucumberFeatureWrapper)[pri:0, instance:com.runner.TestRunner@2b80d80f]" name="feature" class="cucumber.api.testng.AbstractTestNGCucumberTests"/>
      </group> <!-- cucumber -->
    </groups>
    <test name="Command line test" duration-ms="23882" started-at="2020-01-21T12:47:39Z" finished-at="2020-01-21T12:48:03Z">
      <class name="com.runner.TestRunner">
        <test-method status="PASS" signature="setUpClass()[pri:0, instance:com.runner.TestRunner@2b80d80f]" name="setUpClass" is-config="true" duration-ms="249" started-at="2020-01-21T18:17:39Z" finished-at="2020-01-21T18:17:39Z">
          <reporter-output>
          </reporter-output>
        </test-method> <!-- setUpClass -->
        <test-method status="PASS" signature="feature(cucumber.api.testng.CucumberFeatureWrapper)[pri:0, instance:com.runner.TestRunner@2b80d80f]" name="feature" duration-ms="23527" started-at="2020-01-21T18:17:39Z" description="Runs Cucumber Feature" data-provider="features" finished-at="2020-01-21T18:18:03Z">
          <params>
            <param index="0">
              <value>
                <![CDATA[Duck Duck Go Search]]>
              </value>
            </param>
          </params>
          <reporter-output>
          </reporter-output>
        </test-method> <!-- feature -->
        <test-method status="PASS" signature="tearDownClass()[pri:0, instance:com.runner.TestRunner@2b80d80f]" name="tearDownClass" is-config="true" duration-ms="15" started-at="2020-01-21T18:18:03Z" finished-at="2020-01-21T18:18:03Z">
          <reporter-output>
          </reporter-output>
        </test-method> <!-- tearDownClass -->
      </class> <!-- com.runner.TestRunner -->
    </test> <!-- Command line test -->
  </suite> <!-- Command line suite -->
</testng-results>
